<?xml version="1.0" encoding="UTF-8"?>
<!-- Generated by org.testng.reporters.JUnitReportReporter -->
<testsuite hostname="W10-VWKS-1" failures="0" tests="1" name="org.example.eCommerce_tc_2" time="28.511" errors="0" timestamp="2023-02-09T01:46:39 GMT-08:00" skipped="0">
  <testcase classname="org.example.eCommerce_tc_2" name="FillForm_PositiveFlow" time="28.511"/>
  <system-out/>
</testsuite> <!-- org.example.eCommerce_tc_2 -->
